

Version:	3.50
CmdLine:	C:\Users\maksh\Desktop\python\jkhasfjkadf\out\artifacts\jkhasfjkadf_jar\test2.exe --l4j-debug
JNI:		No
WOW64:		Yes
Working dir:	C:\Users\maksh\Desktop\python\jkhasfjkadf\out\artifacts\jkhasfjkadf_jar\.
Requires JDK:	No
Requires 64-Bit: No
Java min ver:	
Java max ver:	
JRE paths:	jre
Check launcher:	C:\Users\maksh\Desktop\python\jkhasfjkadf\out\artifacts\jkhasfjkadf_jar\jre\bin\javaw.exe (OK)
Version string: 1.023.000_002 / 64-Bit (OK)
Launcher:	C:\Users\maksh\Desktop\python\jkhasfjkadf\out\artifacts\jkhasfjkadf_jar\jre\bin\javaw.exe
Launcher args:	-jar "C:\Users\maksh\Desktop\python\jkhasfjkadf\out\artifacts\jkhasfjkadf_jar\test2.exe"
Args length:	88/32768 chars
Exit code:	0


Version:	3.50
CmdLine:	C:\Users\maksh\Desktop\python\jkhasfjkadf\out\artifacts\jkhasfjkadf_jar\test2.exe --l4j-debug
JNI:		No
WOW64:		Yes
Working dir:	C:\Users\maksh\Desktop\python\jkhasfjkadf\out\artifacts\jkhasfjkadf_jar\.
Requires JDK:	No
Requires 64-Bit: No
Java min ver:	
Java max ver:	
JRE paths:	jre
Check launcher:	C:\Users\maksh\Desktop\python\jkhasfjkadf\out\artifacts\jkhasfjkadf_jar\jre\bin\javaw.exe (OK)
Version string: 1.023.000_002 / 64-Bit (OK)
Launcher:	C:\Users\maksh\Desktop\python\jkhasfjkadf\out\artifacts\jkhasfjkadf_jar\jre\bin\javaw.exe
Launcher args:	-jar "C:\Users\maksh\Desktop\python\jkhasfjkadf\out\artifacts\jkhasfjkadf_jar\test2.exe"
Args length:	88/32768 chars
Exit code:	0
